  MyForm.cpp
C:\Program Files (x86)\Windows Kits\10\Include\10.0.22000.0\um\objidl.h(12879,71): error C3699: *: это косвенное обращение невозможно использовать для типа "Lab1::IDataObject"
C:\Program Files (x86)\Windows Kits\10\Include\10.0.22000.0\um\objidl.h(12879,71): message : для продолжения работы компилятор заменил "*" на "^"
C:\Program Files (x86)\Windows Kits\10\Include\10.0.22000.0\um\objidl.h(12894,5): error C2371: Lab1::IDataObject: переопределение; различные базовые типы
C:\Program Files (x86)\Windows Kits\10\Include\10.0.22000.0\um\objidl.h(605): message : см. объявление "Lab1::IDataObject"
C:\Program Files (x86)\Windows Kits\10\Include\10.0.22000.0\um\objidl.h(13081,33): error C3699: *: это косвенное обращение невозможно использовать для типа "Lab1::IDataObject"
C:\Program Files (x86)\Windows Kits\10\Include\10.0.22000.0\um\objidl.h(13081,33): message : для продолжения работы компилятор заменил "*" на "^"
C:\Program Files (x86)\Windows Kits\10\Include\10.0.22000.0\um\objidl.h(13094,33): error C3699: *: это косвенное обращение невозможно использовать для типа "Lab1::IDataObject"
C:\Program Files (x86)\Windows Kits\10\Include\10.0.22000.0\um\objidl.h(13094,33): message : для продолжения работы компилятор заменил "*" на "^"
C:\Program Files (x86)\Windows Kits\10\Include\10.0.22000.0\um\objidl.h(13107,33): error C3699: *: это косвенное обращение невозможно использовать для типа "Lab1::IDataObject"
C:\Program Files (x86)\Windows Kits\10\Include\10.0.22000.0\um\objidl.h(13107,33): message : для продолжения работы компилятор заменил "*" на "^"
C:\Program Files (x86)\Windows Kits\10\Include\10.0.22000.0\um\objidl.h(13155,47): error C3699: *: это косвенное обращение невозможно использовать для типа "Lab1::IDataObject"
C:\Program Files (x86)\Windows Kits\10\Include\10.0.22000.0\um\objidl.h(13155,47): message : для продолжения работы компилятор заменил "*" на "^"
C:\Program Files (x86)\Windows Kits\10\Include\10.0.22000.0\um\objidl.h(13175,43): error C3699: *: это косвенное обращение невозможно использовать для типа "Lab1::IDataObject"
C:\Program Files (x86)\Windows Kits\10\Include\10.0.22000.0\um\objidl.h(13175,43): message : для продолжения работы компилятор заменил "*" на "^"
C:\Program Files (x86)\Windows Kits\10\Include\10.0.22000.0\um\objidl.h(13293,55): error C3699: *: это косвенное обращение невозможно использовать для типа "Lab1::IMessageFilter"
C:\Program Files (x86)\Windows Kits\10\Include\10.0.22000.0\um\objidl.h(13293,55): message : для продолжения работы компилятор заменил "*" на "^"
C:\Program Files (x86)\Windows Kits\10\Include\10.0.22000.0\um\objidl.h(13343,5): error C2371: Lab1::IMessageFilter: переопределение; различные базовые типы
C:\Program Files (x86)\Windows Kits\10\Include\10.0.22000.0\um\objidl.h(619): message : см. объявление "Lab1::IMessageFilter"
C:\Program Files (x86)\Windows Kits\10\Include\10.0.22000.0\um\objidl.h(15923,23): error C3699: *: это косвенное обращение невозможно использовать для типа "Lab1::IDataObject"
C:\Program Files (x86)\Windows Kits\10\Include\10.0.22000.0\um\objidl.h(15923,23): message : для продолжения работы компилятор заменил "*" на "^"
C:\Program Files (x86)\Windows Kits\10\Include\10.0.22000.0\um\objidl.h(15931,33): error C3699: *: это косвенное обращение невозможно использовать для типа "Lab1::IDataObject"
C:\Program Files (x86)\Windows Kits\10\Include\10.0.22000.0\um\objidl.h(15931,33): message : для продолжения работы компилятор заменил "*" на "^"
C:\Program Files (x86)\Windows Kits\10\Include\10.0.22000.0\um\objidl.h(15936,23): error C3699: *: это косвенное обращение невозможно использовать для типа "Lab1::IDataObject"
C:\Program Files (x86)\Windows Kits\10\Include\10.0.22000.0\um\objidl.h(15936,23): message : для продолжения работы компилятор заменил "*" на "^"
C:\Program Files (x86)\Windows Kits\10\Include\10.0.22000.0\um\objidl.h(15944,33): error C3699: *: это косвенное обращение невозможно использовать для типа "Lab1::IDataObject"
C:\Program Files (x86)\Windows Kits\10\Include\10.0.22000.0\um\objidl.h(15944,33): message : для продолжения работы компилятор заменил "*" на "^"
C:\Program Files (x86)\Windows Kits\10\Include\10.0.22000.0\um\objidl.h(15949,23): error C3699: *: это косвенное обращение невозможно использовать для типа "Lab1::IDataObject"
C:\Program Files (x86)\Windows Kits\10\Include\10.0.22000.0\um\objidl.h(15949,23): message : для продолжения работы компилятор заменил "*" на "^"
C:\Program Files (x86)\Windows Kits\10\Include\10.0.22000.0\um\objidl.h(15958,33): error C3699: *: это косвенное обращение невозможно использовать для типа "Lab1::IDataObject"
C:\Program Files (x86)\Windows Kits\10\Include\10.0.22000.0\um\objidl.h(15958,33): message : для продолжения работы компилятор заменил "*" на "^"
C:\Program Files (x86)\Windows Kits\10\Include\10.0.22000.0\um\oleidl.h(440,70): error C3699: *: это косвенное обращение невозможно использовать для типа "Lab1::IDataObject"
C:\Program Files (x86)\Windows Kits\10\Include\10.0.22000.0\um\oleidl.h(440,70): message : для продолжения работы компилятор заменил "*" на "^"
C:\Program Files (x86)\Windows Kits\10\Include\10.0.22000.0\um\oleidl.h(1289,70): error C3699: *: это косвенное обращение невозможно использовать для типа "Lab1::IDataObject"
C:\Program Files (x86)\Windows Kits\10\Include\10.0.22000.0\um\oleidl.h(1289,70): message : для продолжения работы компилятор заменил "*" на "^"
C:\Program Files (x86)\Windows Kits\10\Include\10.0.22000.0\um\oleidl.h(1295,72): error C3699: *: это косвенное обращение невозможно использовать для типа "Lab1::IDataObject"
C:\Program Files (x86)\Windows Kits\10\Include\10.0.22000.0\um\oleidl.h(1295,72): message : для продолжения работы компилятор заменил "*" на "^"
C:\Program Files (x86)\Windows Kits\10\Include\10.0.22000.0\um\oleidl.h(3665,71): error C3699: *: это косвенное обращение невозможно использовать для типа "Lab1::IDropTarget"
C:\Program Files (x86)\Windows Kits\10\Include\10.0.22000.0\um\oleidl.h(3665,71): message : для продолжения работы компилятор заменил "*" на "^"
C:\Program Files (x86)\Windows Kits\10\Include\10.0.22000.0\um\oleidl.h(3705,5): error C2371: Lab1::IDropTarget: переопределение; различные базовые типы
C:\Program Files (x86)\Windows Kits\10\Include\10.0.22000.0\um\oleidl.h(192): message : см. объявление "Lab1::IDropTarget"
C:\Program Files (x86)\Windows Kits\10\Include\10.0.22000.0\um\servprov.h(99,81): error C3699: *: это косвенное обращение невозможно использовать для типа "Lab1::IServiceProvider"
C:\Program Files (x86)\Windows Kits\10\Include\10.0.22000.0\um\servprov.h(99,81): message : для продолжения работы компилятор заменил "*" на "^"
C:\Program Files (x86)\Windows Kits\10\Include\10.0.22000.0\um\servprov.h(106,9): error C2371: Lab1::IServiceProvider: переопределение; различные базовые типы
C:\Program Files (x86)\Windows Kits\10\Include\10.0.22000.0\um\servprov.h(52): message : см. объявление "Lab1::IServiceProvider"
C:\Program Files (x86)\Windows Kits\10\Include\10.0.22000.0\um\servprov.h(123,47): error C3699: *: это косвенное обращение невозможно использовать для типа "Lab1::IServiceProvider"
C:\Program Files (x86)\Windows Kits\10\Include\10.0.22000.0\um\servprov.h(123,47): message : для продолжения работы компилятор заменил "*" на "^"
C:\Program Files (x86)\Windows Kits\10\Include\10.0.22000.0\um\servprov.h(251,28): error C3699: *: это косвенное обращение невозможно использовать для типа "Lab1::IServiceProvider"
C:\Program Files (x86)\Windows Kits\10\Include\10.0.22000.0\um\servprov.h(251,28): message : для продолжения работы компилятор заменил "*" на "^"
C:\Program Files (x86)\Windows Kits\10\Include\10.0.22000.0\um\servprov.h(261,38): error C3699: *: это косвенное обращение невозможно использовать для типа "Lab1::IServiceProvider"
C:\Program Files (x86)\Windows Kits\10\Include\10.0.22000.0\um\servprov.h(261,38): message : для продолжения работы компилятор заменил "*" на "^"
C:\Program Files (x86)\Windows Kits\10\Include\10.0.22000.0\um\urlmon.h(7156,70): error C3699: *: это косвенное обращение невозможно использовать для типа "Lab1::IServiceProvider"
C:\Program Files (x86)\Windows Kits\10\Include\10.0.22000.0\um\urlmon.h(7156,70): message : для продолжения работы компилятор заменил "*" на "^"
C:\Program Files (x86)\Windows Kits\10\Include\10.0.22000.0\um\urlmon.h(7158,66): error C3699: *: это косвенное обращение невозможно использовать для типа "Lab1::IServiceProvider"
C:\Program Files (x86)\Windows Kits\10\Include\10.0.22000.0\um\urlmon.h(7158,66): message : для продолжения работы компилятор заменил "*" на "^"
C:\Program Files (x86)\Windows Kits\10\Include\10.0.22000.0\um\ole2.h(210,100): error C3699: *: это косвенное обращение невозможно использовать для типа "Lab1::IDataObject"
C:\Program Files (x86)\Windows Kits\10\Include\10.0.22000.0\um\ole2.h(210,100): message : для продолжения работы компилятор заменил "*" на "^"
D:\TSULabs\Studying\ООП\Lab1\Lab1\MyForm.h(3): fatal error C1075: "{": не найдена несоответствующая лексема
